# JRE version: Java(TM) SE Runtime Environment (8.0_181-b13) (build 1.8.0_181-b13)
# Java VM: Java HotSpot(TM) 64-Bit Server VM (25.181-b13 mixed mode windows-amd64 compressed oops)
Heap:
 PSYoungGen      total 282112K, used 97521K [0x0000000717000000, 0x0000000729b00000, 0x00000007c0000000)
  eden space 265728K, 30% used [0x0000000717000000,0x000000071bf3e3c8,0x0000000727380000)
  from space 16384K, 99% used [0x0000000727380000,0x000000072837e180,0x0000000728380000)
  to   space 15872K, 0% used [0x0000000728380000,0x0000000728380000,0x0000000729300000)
 ParOldGen       total 322048K, used 20972K [0x00000005c5000000, 0x00000005d8a80000, 0x0000000717000000)
  object space 322048K, 6% used [0x00000005c5000000,0x00000005c647b330,0x00000005d8a80000)
 Metaspace       used 52801K, capacity 55380K, committed 55424K, reserved 1097728K
  class space    used 7033K, capacity 7510K, committed 7552K, reserved 1048576K
GC Heap History (10 events):
Event: 3.608 GC heap before
{Heap before GC invocations=7 (full 1):
 PSYoungGen      total 204288K, used 94729K [0x0000000717000000, 0x0000000729300000, 0x00000007c0000000)
  eden space 182784K, 43% used [0x0000000717000000,0x000000071bdfbce8,0x0000000722280000)
  from space 21504K, 69% used [0x0000000722280000,0x0000000723106af8,0x0000000723780000)
  to   space 15872K, 0% used [0x0000000728380000,0x0000000728380000,0x0000000729300000)
 ParOldGen       total 211456K, used 10368K [0x00000005c5000000, 0x00000005d1e80000, 0x0000000717000000)
  object space 211456K, 4% used [0x00000005c5000000,0x00000005c5a200c0,0x00000005d1e80000)
 Metaspace       used 34103K, capacity 35408K, committed 35496K, reserved 1079296K
  class space    used 4550K, capacity 4838K, committed 4864K, reserved 1048576K
Event: 3.614 GC heap after
Heap after GC invocations=7 (full 1):
 PSYoungGen      total 281600K, used 12863K [0x0000000717000000, 0x0000000729b00000, 0x00000007c0000000)
  eden space 265728K, 0% used [0x0000000717000000,0x0000000717000000,0x0000000727380000)
  from space 15872K, 81% used [0x0000000728380000,0x000000072900fea8,0x0000000729300000)
  to   space 16384K, 0% used [0x0000000727380000,0x0000000727380000,0x0000000728380000)
 ParOldGen       total 211456K, used 10376K [0x00000005c5000000, 0x00000005d1e80000, 0x0000000717000000)
  object space 211456K, 4% used [0x00000005c5000000,0x00000005c5a220c0,0x00000005d1e80000)
 Metaspace       used 34103K, capacity 35408K, committed 35496K, reserved 1079296K
  class space    used 4550K, capacity 4838K, committed 4864K, reserved 1048576K
}
Event: 3.614 GC heap before
{Heap before GC invocations=8 (full 2):
 PSYoungGen      total 281600K, used 12863K [0x0000000717000000, 0x0000000729b00000, 0x00000007c0000000)
  eden space 265728K, 0% used [0x0000000717000000,0x0000000717000000,0x0000000727380000)
  from space 15872K, 81% used [0x0000000728380000,0x000000072900fea8,0x0000000729300000)
  to   space 16384K, 0% used [0x0000000727380000,0x0000000727380000,0x0000000728380000)
 ParOldGen       total 211456K, used 10376K [0x00000005c5000000, 0x00000005d1e80000, 0x0000000717000000)
  object space 211456K, 4% used [0x00000005c5000000,0x00000005c5a220c0,0x00000005d1e80000)
 Metaspace       used 34103K, capacity 35408K, committed 35496K, reserved 1079296K
  class space    used 4550K, capacity 4838K, committed 4864K, reserved 1048576K
Event: 3.644 GC heap after
Heap after GC invocations=8 (full 2):
 PSYoungGen      total 281600K, used 0K [0x0000000717000000, 0x0000000729b00000, 0x00000007c0000000)
  eden space 265728K, 0% used [0x0000000717000000,0x0000000717000000,0x0000000727380000)
  from space 15872K, 0% used [0x0000000728380000,0x0000000728380000,0x0000000729300000)
  to   space 16384K, 0% used [0x0000000727380000,0x0000000727380000,0x0000000728380000)
 ParOldGen       total 322048K, used 18568K [0x00000005c5000000, 0x00000005d8a80000, 0x0000000717000000)
  object space 322048K, 5% used [0x00000005c5000000,0x00000005c62220d0,0x00000005d8a80000)
 Metaspace       used 34103K, capacity 35408K, committed 35496K, reserved 1079296K
  class space    used 4550K, capacity 4838K, committed 4864K, reserved 1048576K
}
Event: 4.722 GC heap before
{Heap before GC invocations=9 (full 2):
 PSYoungGen      total 281600K, used 265728K [0x0000000717000000, 0x0000000729b00000, 0x00000007c0000000)
  eden space 265728K, 100% used [0x0000000717000000,0x0000000727380000,0x0000000727380000)
  from space 15872K, 0% used [0x0000000728380000,0x0000000728380000,0x0000000729300000)
  to   space 16384K, 0% used [0x0000000727380000,0x0000000727380000,0x0000000728380000)
 ParOldGen       total 322048K, used 18568K [0x00000005c5000000, 0x00000005d8a80000, 0x0000000717000000)
  object space 322048K, 5% used [0x00000005c5000000,0x00000005c62220d0,0x00000005d8a80000)
 Metaspace       used 42325K, capacity 44336K, committed 44544K, reserved 1087488K
  class space    used 5664K, capacity 6044K, committed 6144K, reserved 1048576K
Event: 4.730 GC heap after
Heap after GC invocations=9 (full 2):
 PSYoungGen      total 282112K, used 14209K [0x0000000717000000, 0x0000000729b00000, 0x00000007c0000000)
  eden space 265728K, 0% used [0x0000000717000000,0x0000000717000000,0x0000000727380000)
  from space 16384K, 86% used [0x0000000727380000,0x00000007281604f0,0x0000000728380000)
  to   space 15872K, 0% used [0x0000000728380000,0x0000000728380000,0x0000000729300000)
 ParOldGen       total 322048K, used 18576K [0x00000005c5000000, 0x00000005d8a80000, 0x0000000717000000)
  object space 322048K, 5% used [0x00000005c5000000,0x00000005c62240d0,0x00000005d8a80000)
 Metaspace       used 42325K, capacity 44336K, committed 44544K, reserved 1087488K
  class space    used 5664K, capacity 6044K, committed 6144K, reserved 1048576K
}
Event: 5.549 GC heap before
{Heap before GC invocations=10 (full 2):
 PSYoungGen      total 282112K, used 279937K [0x0000000717000000, 0x0000000729b00000, 0x00000007c0000000)
  eden space 265728K, 100% used [0x0000000717000000,0x0000000727380000,0x0000000727380000)
  from space 16384K, 86% used [0x0000000727380000,0x00000007281604f0,0x0000000728380000)
  to   space 15872K, 0% used [0x0000000728380000,0x0000000728380000,0x0000000729300000)
 ParOldGen       total 322048K, used 18576K [0x00000005c5000000, 0x00000005d8a80000, 0x0000000717000000)
  object space 322048K, 5% used [0x00000005c5000000,0x00000005c62240d0,0x00000005d8a80000)
 Metaspace       used 49178K, capacity 51472K, committed 51840K, reserved 1093632K
  class space    used 6518K, capacity 6950K, committed 7040K, reserved 1048576K
Event: 5.558 GC heap after
Heap after GC invocations=10 (full 2):
 PSYoungGen      total 281600K, used 15841K [0x0000000717000000, 0x0000000729b00000, 0x00000007c0000000)
  eden space 265728K, 0% used [0x0000000717000000,0x0000000717000000,0x0000000727380000)
  from space 15872K, 99% used [0x0000000728380000,0x00000007292f8550,0x0000000729300000)
  to   space 16384K, 0% used [0x0000000727380000,0x0000000727380000,0x0000000728380000)
 ParOldGen       total 322048K, used 20298K [0x00000005c5000000, 0x00000005d8a80000, 0x0000000717000000)
  object space 322048K, 6% used [0x00000005c5000000,0x00000005c63d2bb8,0x00000005d8a80000)
 Metaspace       used 49178K, capacity 51472K, committed 51840K, reserved 1093632K
  class space    used 6518K, capacity 6950K, committed 7040K, reserved 1048576K
}
Event: 6.054 GC heap before
{Heap before GC invocations=11 (full 2):
 PSYoungGen      total 281600K, used 281569K [0x0000000717000000, 0x0000000729b00000, 0x00000007c0000000)
  eden space 265728K, 100% used [0x0000000717000000,0x0000000727380000,0x0000000727380000)
  from space 15872K, 99% used [0x0000000728380000,0x00000007292f8550,0x0000000729300000)
  to   space 16384K, 0% used [0x0000000727380000,0x0000000727380000,0x0000000728380000)
 ParOldGen       total 322048K, used 20298K [0x00000005c5000000, 0x00000005d8a80000, 0x0000000717000000)
  object space 322048K, 6% used [0x00000005c5000000,0x00000005c63d2bb8,0x00000005d8a80000)
 Metaspace       used 51008K, capacity 53512K, committed 53632K, reserved 1095680K
  class space    used 6778K, capacity 7262K, committed 7296K, reserved 1048576K
Event: 6.060 GC heap after
Heap after GC invocations=11 (full 2):
 PSYoungGen      total 282112K, used 16376K [0x0000000717000000, 0x0000000729b00000, 0x00000007c0000000)
  eden space 265728K, 0% used [0x0000000717000000,0x0000000717000000,0x0000000727380000)
  from space 16384K, 99% used [0x0000000727380000,0x000000072837e180,0x0000000728380000)
  to   space 15872K, 0% used [0x0000000728380000,0x0000000728380000,0x0000000729300000)
 ParOldGen       total 322048K, used 20972K [0x00000005c5000000, 0x00000005d8a80000, 0x0000000717000000)
  object space 322048K, 6% used [0x00000005c5000000,0x00000005c647b330,0x00000005d8a80000)
 Metaspace       used 51008K, capacity 53512K, committed 53632K, reserved 1095680K
  class space    used 6778K, capacity 7262K, committed 7296K, reserved 1048576K
}

